<?xml version="1.0" encoding="UTF-8"?>
<testng-results skipped="0" failed="0" ignored="0" total="1" passed="1">
  <reporter-output>
  </reporter-output>
  <suite name="Tests" duration-ms="39518" started-at="2020-10-13T18:05:15 IDT" finished-at="2020-10-13T18:05:54 IDT">
    <groups>
    </groups>
    <test name="Test1" duration-ms="39518" started-at="2020-10-13T18:05:15 IDT" finished-at="2020-10-13T18:05:54 IDT">
      <class name="YandexMarketTest">
        <test-method status="PASS" signature="yandexMarketTest()[pri:0, instance:YandexMarketTest@2eced48b]" name="yandexMarketTest" duration-ms="39290" started-at="2020-10-13T18:05:15 IDT" finished-at="2020-10-13T18:05:54 IDT">
          <reporter-output>
          </reporter-output>
        </test-method> <!-- yandexMarketTest -->
      </class> <!-- YandexMarketTest -->
    </test> <!-- Test1 -->
  </suite> <!-- Tests -->
</testng-results>
